This file contains any messages produced by compilers while
running configure, to aid debugging if configure makes a mistake.

It was created by ImageMagick configure 7.0.10-31, which was
generated by GNU Autoconf 2.69.  Invocation command line was

  $ /home/matthew/ASEULA_LinuxShare/ASEULA_Docker/ImageMagick-7/configure --with-lqr

## --------- ##
## Platform. ##
## --------- ##

hostname = aseulaserver
uname -m = x86_64
uname -r = 5.4.0-47-generic
uname -s = Linux
uname -v = #51-Ubuntu SMP Fri Sep 4 19:50:52 UTC 2020

/usr/bin/uname -p = x86_64
/bin/uname -X     = unknown

/bin/arch              = x86_64
/usr/bin/arch -k       = unknown
/usr/convex/getsysinfo = unknown
/usr/bin/hostinfo      = unknown
/bin/machine           = unknown
/usr/bin/oslevel       = unknown
/bin/universe          = unknown

PATH: /home/matthew/.local/bin
PATH: /usr/local/sbin
PATH: /usr/local/bin
PATH: /usr/sbin
PATH: /usr/bin
PATH: /sbin
PATH: /bin
PATH: /usr/games
PATH: /usr/local/games
PATH: /snap/bin


## ----------- ##
## Core tests. ##
## ----------- ##

configure:3666: checking build system type
configure:3680: result: x86_64-pc-linux-gnu
configure:3700: checking host system type
configure:3713: result: x86_64-pc-linux-gnu
configure:3733: checking target system type
configure:3746: result: x86_64-pc-linux-gnu
configure:3790: checking for a BSD-compatible install
configure:3858: result: /usr/bin/install -c
configure:3869: checking whether build environment is sane
configure:3924: result: yes
configure:4073: checking for a thread-safe mkdir -p
configure:4112: result: /usr/bin/mkdir -p
configure:4119: checking for gawk
configure:4135: found /usr/bin/gawk
configure:4146: result: gawk
configure:4157: checking whether make sets $(MAKE)
configure:4179: result: yes
configure:4208: checking whether make supports nested variables
configure:4225: result: yes
configure:4242: error: source directory already configured; run "make distclean" there first

## ---------------- ##
## Cache variables. ##
## ---------------- ##

ac_cv_build=x86_64-pc-linux-gnu
ac_cv_env_AUTOTRACE_CFLAGS_set=
ac_cv_env_AUTOTRACE_CFLAGS_value=
ac_cv_env_AUTOTRACE_LIBS_set=
ac_cv_env_AUTOTRACE_LIBS_value=
ac_cv_env_CAIRO_SVG_CFLAGS_set=
ac_cv_env_CAIRO_SVG_CFLAGS_value=
ac_cv_env_CAIRO_SVG_LIBS_set=
ac_cv_env_CAIRO_SVG_LIBS_value=
ac_cv_env_CCC_set=
ac_cv_env_CCC_value=
ac_cv_env_CC_set=
ac_cv_env_CC_value=
ac_cv_env_CFLAGS_set=
ac_cv_env_CFLAGS_value=
ac_cv_env_CPPFLAGS_set=
ac_cv_env_CPPFLAGS_value=
ac_cv_env_CPP_set=
ac_cv_env_CPP_value=
ac_cv_env_CXXCPP_set=
ac_cv_env_CXXCPP_value=
ac_cv_env_CXXFLAGS_set=
ac_cv_env_CXXFLAGS_value=
ac_cv_env_CXX_set=
ac_cv_env_CXX_value=
ac_cv_env_FONTCONFIG_CFLAGS_set=
ac_cv_env_FONTCONFIG_CFLAGS_value=
ac_cv_env_FONTCONFIG_LIBS_set=
ac_cv_env_FONTCONFIG_LIBS_value=
ac_cv_env_FREETYPE_CFLAGS_set=
ac_cv_env_FREETYPE_CFLAGS_value=
ac_cv_env_FREETYPE_LIBS_set=
ac_cv_env_FREETYPE_LIBS_value=
ac_cv_env_GVC_CFLAGS_set=
ac_cv_env_GVC_CFLAGS_value=
ac_cv_env_GVC_LIBS_set=
ac_cv_env_GVC_LIBS_value=
ac_cv_env_HEIF_CFLAGS_set=
ac_cv_env_HEIF_CFLAGS_value=
ac_cv_env_HEIF_LIBS_set=
ac_cv_env_HEIF_LIBS_value=
ac_cv_env_LCMS2_CFLAGS_set=
ac_cv_env_LCMS2_CFLAGS_value=
ac_cv_env_LCMS2_LIBS_set=
ac_cv_env_LCMS2_LIBS_value=
ac_cv_env_LDFLAGS_set=
ac_cv_env_LDFLAGS_value=
ac_cv_env_LIBOPENJP2_CFLAGS_set=
ac_cv_env_LIBOPENJP2_CFLAGS_value=
ac_cv_env_LIBOPENJP2_LIBS_set=
ac_cv_env_LIBOPENJP2_LIBS_value=
ac_cv_env_LIBS_set=
ac_cv_env_LIBS_value=
ac_cv_env_LIBZSTD_CFLAGS_set=
ac_cv_env_LIBZSTD_CFLAGS_value=
ac_cv_env_LIBZSTD_LIBS_set=
ac_cv_env_LIBZSTD_LIBS_value=
ac_cv_env_LQR_CFLAGS_set=
ac_cv_env_LQR_CFLAGS_value=
ac_cv_env_LQR_LIBS_set=
ac_cv_env_LQR_LIBS_value=
ac_cv_env_LT_SYS_LIBRARY_PATH_set=
ac_cv_env_LT_SYS_LIBRARY_PATH_value=
ac_cv_env_LZMA_CFLAGS_set=
ac_cv_env_LZMA_CFLAGS_value=
ac_cv_env_LZMA_LIBS_set=
ac_cv_env_LZMA_LIBS_value=
ac_cv_env_OPENEXR_CFLAGS_set=
ac_cv_env_OPENEXR_CFLAGS_value=
ac_cv_env_OPENEXR_LIBS_set=
ac_cv_env_OPENEXR_LIBS_value=
ac_cv_env_PANGO_CFLAGS_set=
ac_cv_env_PANGO_CFLAGS_value=
ac_cv_env_PANGO_LIBS_set=
ac_cv_env_PANGO_LIBS_value=
ac_cv_env_PKG_CONFIG_LIBDIR_set=
ac_cv_env_PKG_CONFIG_LIBDIR_value=
ac_cv_env_PKG_CONFIG_PATH_set=
ac_cv_env_PKG_CONFIG_PATH_value=
ac_cv_env_PKG_CONFIG_set=
ac_cv_env_PKG_CONFIG_value=
ac_cv_env_PNG_CFLAGS_set=
ac_cv_env_PNG_CFLAGS_value=
ac_cv_env_PNG_LIBS_set=
ac_cv_env_PNG_LIBS_value=
ac_cv_env_RAQM_CFLAGS_set=
ac_cv_env_RAQM_CFLAGS_value=
ac_cv_env_RAQM_LIBS_set=
ac_cv_env_RAQM_LIBS_value=
ac_cv_env_RAW_R_CFLAGS_set=
ac_cv_env_RAW_R_CFLAGS_value=
ac_cv_env_RAW_R_LIBS_set=
ac_cv_env_RAW_R_LIBS_value=
ac_cv_env_RSVG_CFLAGS_set=
ac_cv_env_RSVG_CFLAGS_value=
ac_cv_env_RSVG_LIBS_set=
ac_cv_env_RSVG_LIBS_value=
ac_cv_env_WEBPMUX_CFLAGS_set=
ac_cv_env_WEBPMUX_CFLAGS_value=
ac_cv_env_WEBPMUX_LIBS_set=
ac_cv_env_WEBPMUX_LIBS_value=
ac_cv_env_WEBP_CFLAGS_set=
ac_cv_env_WEBP_CFLAGS_value=
ac_cv_env_WEBP_LIBS_set=
ac_cv_env_WEBP_LIBS_value=
ac_cv_env_XMKMF_set=
ac_cv_env_XMKMF_value=
ac_cv_env_XML_CFLAGS_set=
ac_cv_env_XML_CFLAGS_value=
ac_cv_env_XML_LIBS_set=
ac_cv_env_XML_LIBS_value=
ac_cv_env_ZIPLIB_CFLAGS_set=
ac_cv_env_ZIPLIB_CFLAGS_value=
ac_cv_env_ZIPLIB_LIBS_set=
ac_cv_env_ZIPLIB_LIBS_value=
ac_cv_env_ZLIB_CFLAGS_set=
ac_cv_env_ZLIB_CFLAGS_value=
ac_cv_env_ZLIB_LIBS_set=
ac_cv_env_ZLIB_LIBS_value=
ac_cv_env_build_alias_set=
ac_cv_env_build_alias_value=
ac_cv_env_ddjvuapi_CFLAGS_set=
ac_cv_env_ddjvuapi_CFLAGS_value=
ac_cv_env_ddjvuapi_LIBS_set=
ac_cv_env_ddjvuapi_LIBS_value=
ac_cv_env_fftw3_CFLAGS_set=
ac_cv_env_fftw3_CFLAGS_value=
ac_cv_env_fftw3_LIBS_set=
ac_cv_env_fftw3_LIBS_value=
ac_cv_env_host_alias_set=
ac_cv_env_host_alias_value=
ac_cv_env_target_alias_set=
ac_cv_env_target_alias_value=
ac_cv_host=x86_64-pc-linux-gnu
ac_cv_path_install='/usr/bin/install -c'
ac_cv_path_mkdir=/usr/bin/mkdir
ac_cv_prog_AWK=gawk
ac_cv_prog_make_make_set=yes
ac_cv_target=x86_64-pc-linux-gnu
am_cv_make_support_nested_variables=yes

## ----------------- ##
## Output variables. ##
## ----------------- ##

ACLOCAL=''
AMDEPBACKSLASH=''
AMDEP_FALSE=''
AMDEP_TRUE=''
AMTAR=''
AM_BACKSLASH='\'
AM_DEFAULT_V='$(AM_DEFAULT_VERBOSITY)'
AM_DEFAULT_VERBOSITY='1'
AM_V='$(V)'
AR=''
AS=''
AUTOCONF=''
AUTOHEADER=''
AUTOMAKE=''
AUTOTRACE_CFLAGS=''
AUTOTRACE_DELEGATE_FALSE=''
AUTOTRACE_DELEGATE_TRUE=''
AUTOTRACE_LIBS=''
AWK='gawk'
BIN_DIR=''
BPGDecodeDelegate=''
BPGEncodeDelegate=''
BZLIB_DELEGATE_FALSE=''
BZLIB_DELEGATE_TRUE=''
BZLIB_LIBS=''
BlenderDecodeDelegate=''
BrowseDelegate=''
CAIRO_DELEGATE_FALSE=''
CAIRO_DELEGATE_TRUE=''
CAIRO_SVG_CFLAGS=''
CAIRO_SVG_LIBS=''
CC=''
CCDEPMODE=''
CCMALLOCDelegate=''
CFLAGS=''
CODER_DIRNAME=''
CODER_PATH=''
CONFIGURE_ARGS=''
CONFIGURE_PATH=''
CONFIG_STATUS_DEPENDENCIES=''
CPP=''
CPPFLAGS=''
CXX=''
CXXCPP=''
CXXDEPMODE=''
CXXFLAGS=''
CYGPATH_W=''
CYGWIN_BUILD_FALSE=''
CYGWIN_BUILD_TRUE=''
ConvertDelegate=''
DATA_DIR=''
DEFS=''
DEPDIR=''
DIRSEP=''
DISTCHECK_CONFIG_FLAGS=''
DJVU_CFLAGS=''
DJVU_DELEGATE_FALSE=''
DJVU_DELEGATE_TRUE=''
DJVU_LIBS=''
DLLTOOL=''
DNGDecodeDelegate=''
DOCDecodeDelegate=''
DOCUMENTATION_PATH=''
DOC_DIR=''
DPS_DELEGATE_FALSE=''
DPS_DELEGATE_TRUE=''
DPS_LIBS=''
DSYMUTIL=''
DUMPBIN=''
DVIDecodeDelegate=''
DisplayDelegate=''
ECHO_C=''
ECHO_N='-n'
ECHO_T=''
EGREP=''
EXECUTABLE_PATH=''
EXEC_PREFIX_DIR=''
EXEEXT=''
EditorDelegate=''
FFTW_CFLAGS=''
FFTW_DELEGATE_FALSE=''
FFTW_DELEGATE_TRUE=''
FFTW_LIBS=''
FGREP=''
FILTER_DIRNAME=''
FILTER_PATH=''
FLIF_DELEGATE_FALSE=''
FLIF_DELEGATE_TRUE=''
FLIF_LIBS=''
FONTCONFIG_CFLAGS=''
FONTCONFIG_DELEGATE_FALSE=''
FONTCONFIG_DELEGATE_TRUE=''
FONTCONFIG_LIBS=''
FPX_DELEGATE_FALSE=''
FPX_DELEGATE_TRUE=''
FPX_LIBS=''
FREETYPE_CFLAGS=''
FREETYPE_LIBS=''
Fig2devDelegate=''
GDI32_LIBS=''
GOMP_LIBS=''
GREP=''
GSAlphaDevice=''
GSCMYKDevice=''
GSColorDevice=''
GSEPSDevice=''
GSMonoDevice=''
GSPDFDevice=''
GSPSDevice=''
GSVersion=''
GS_DELEGATE_FALSE=''
GS_DELEGATE_TRUE=''
GS_LIBS=''
GVCDecodeDelegate=''
GVC_CFLAGS=''
GVC_DELEGATE_FALSE=''
GVC_DELEGATE_TRUE=''
GVC_LIBS=''
HAVE_LD_VERSION_SCRIPT_FALSE=''
HAVE_LD_VERSION_SCRIPT_TRUE=''
HAVE_TCMALLOC_FALSE=''
HAVE_TCMALLOC_TRUE=''
HAVE_UMEM_FALSE=''
HAVE_UMEM_TRUE=''
HEIC_DELEGATE_FALSE=''
HEIC_DELEGATE_TRUE=''
HEIF_CFLAGS=''
HEIF_LIBS=''
HPGLDecodeDelegate=''
HTMLDecodeDelegate=''
HasJEMALLOC_FALSE=''
HasJEMALLOC_TRUE=''
ILBMDecodeDelegate=''
ILBMEncodeDelegate=''
INCLUDEARCH_DIR=''
INCLUDEARCH_PATH=''
INCLUDE_DIR=''
INCLUDE_PATH=''
INFO_DIR=''
INSTALL_DATA='${INSTALL} -m 644'
INSTALL_DOC_FALSE=''
INSTALL_DOC_TRUE=''
INSTALL_PROGRAM='${INSTALL}'
INSTALL_SCRIPT='${INSTALL}'
INSTALL_STRIP_PROGRAM='$(install_sh) -c -s'
JBIG_DELEGATE_FALSE=''
JBIG_DELEGATE_TRUE=''
JBIG_LIBS=''
JEMALLOC_LIBS=''
JPEG_DELEGATE_FALSE=''
JPEG_DELEGATE_TRUE=''
JPEG_LIBS=''
JXL_DELEGATE_FALSE=''
JXL_DELEGATE_TRUE=''
JXL_LIBS=''
JXRDecodeDelegate=''
JXREncodeDelegate=''
LCMS2_CFLAGS=''
LCMS2_LIBS=''
LCMS_CFLAGS=''
LCMS_DELEGATE_FALSE=''
LCMS_DELEGATE_TRUE=''
LCMS_LIBS=''
LD=''
LDFLAGS=''
LEGACY_SUPPORT_FALSE=''
LEGACY_SUPPORT_TRUE=''
LEPDelegate=''
LFS_CPPFLAGS=''
LIBEXEC_DIR=''
LIBOBJS=''
LIBOPENJP2_CFLAGS=''
LIBOPENJP2_DELEGATE_FALSE=''
LIBOPENJP2_DELEGATE_TRUE=''
LIBOPENJP2_LIBS=''
LIBRARY_EXTRA_CPPFLAGS=''
LIBRARY_PATH=''
LIBS=''
LIBSTDCLDFLAGS=''
LIBTOOL=''
LIBTOOL_DEPS=''
LIBZSTD_CFLAGS=''
LIBZSTD_LIBS=''
LIB_BIN_BASEDIRNAME=''
LIB_BIN_DIR=''
LIB_BIN_DIR_PATH=''
LIB_BIN_DIR_RELATIVE_PATH=''
LIB_DIR=''
LIB_DL=''
LIPO=''
LN_S=''
LOCALSTATE_DIR=''
LPDelegate=''
LPRDelegate=''
LQR_CFLAGS=''
LQR_DELEGATE_FALSE=''
LQR_DELEGATE_TRUE=''
LQR_LIBS=''
LTLIBOBJS=''
LT_SYS_LIBRARY_PATH=''
LZMA_CFLAGS=''
LZMA_DELEGATE_FALSE=''
LZMA_DELEGATE_TRUE=''
LZMA_LIBS=''
LaunchDelegate=''
MAGICKCORE_FREETYPE_DELEGATE=''
MAGICKCORE_PATH=''
MAGICKCORE_ZERO_CONFIGURATION_SUPPORT_FALSE=''
MAGICKCORE_ZERO_CONFIGURATION_SUPPORT_TRUE=''
MAGICKPP_LIBRARY_AGE=''
MAGICKPP_LIBRARY_CURRENT=''
MAGICKPP_LIBRARY_CURRENT_MIN=''
MAGICKPP_LIBRARY_REVISION=''
MAGICKPP_LIBRARY_VERSION_INFO=''
MAGICKPP_LIB_VERSION=''
MAGICKPP_LIB_VERSION_TEXT=''
MAGICK_ABI_SUFFIX=''
MAGICK_CFLAGS=''
MAGICK_CODER_MODULE_PATH=''
MAGICK_CONFIGURE_BUILD_PATH=''
MAGICK_CONFIGURE_SRC_PATH=''
MAGICK_CPPFLAGS=''
MAGICK_CXXFLAGS=''
MAGICK_DELEGATES=''
MAGICK_DEP_LIBS=''
MAGICK_EXTRA_DEP_LIBS=''
MAGICK_FEATURES=''
MAGICK_FILTER_MODULE_PATH=''
MAGICK_GIT_REVISION=''
MAGICK_HDRI=''
MAGICK_LDFLAGS=''
MAGICK_LIBRARY_AGE=''
MAGICK_LIBRARY_CURRENT=''
MAGICK_LIBRARY_CURRENT_MIN=''
MAGICK_LIBRARY_REVISION=''
MAGICK_LIBRARY_VERSION_INFO=''
MAGICK_LIBS=''
MAGICK_LIB_VERSION=''
MAGICK_LIB_VERSION_NUMBER=''
MAGICK_LIB_VERSION_TEXT=''
MAGICK_LT_RELEASE_OPTS=''
MAGICK_MAJOR_VERSION=''
MAGICK_MICRO_VERSION=''
MAGICK_MINOR_VERSION=''
MAGICK_PATCHLEVEL_VERSION=''
MAGICK_PCFLAGS=''
MAGICK_TARGET_CPU=''
MAGICK_TARGET_OS=''
MAGICK_TARGET_VENDOR=''
MAGICK_VERSION=''
MAINT=''
MAINTAINER_MODE_FALSE=''
MAINTAINER_MODE_TRUE=''
MAKEINFO=''
MANIFEST_TOOL=''
MAN_DIR=''
MATH_LIBS=''
MKDIR_P='/usr/bin/mkdir -p'
MODULES_BASEDIRNAME=''
MODULES_DIRNAME=''
MODULES_PATH=''
MODULES_RELATIVE_PATH=''
MODULE_EXTRA_CPPFLAGS=''
MPEGDecodeDelegate=''
MPEGEncodeDelegate=''
MVDelegate=''
MogrifyDelegate=''
MrSIDDecodeDelegate=''
NM=''
NMEDIT=''
OBJDUMP=''
OBJEXT=''
OLE_LIBS=''
OPENEXR_CFLAGS=''
OPENEXR_DELEGATE_FALSE=''
OPENEXR_DELEGATE_TRUE=''
OPENEXR_LIBS=''
OPENMP_CFLAGS=''
OPENMP_CXXFLAGS=''
OSX_GCOV_LDFLAG=''
OTOOL64=''
OTOOL=''
P7ZIP=''
P7ZIP_DELEGATE_FALSE=''
P7ZIP_DELEGATE_TRUE=''
PACKAGE=''
PACKAGE_BUGREPORT='https://github.com/ImageMagick/ImageMagick/issues'
PACKAGE_CHANGE_DATE=''
PACKAGE_LIB_VERSION=''
PACKAGE_LIB_VERSION_NUMBER=''
PACKAGE_NAME='ImageMagick'
PACKAGE_PERL_VERSION=''
PACKAGE_RELEASE=''
PACKAGE_RELEASE_DATE=''
PACKAGE_STRING='ImageMagick 7.0.10-31'
PACKAGE_TARNAME='ImageMagick'
PACKAGE_URL='https://imagemagick.org'
PACKAGE_VERSION='7.0.10-31'
PACKAGE_VERSION_ADDENDUM=''
PANGOCAIRO_DELEGATE_FALSE=''
PANGOCAIRO_DELEGATE_TRUE=''
PANGO_CFLAGS=''
PANGO_DELEGATE_FALSE=''
PANGO_DELEGATE_TRUE=''
PANGO_LIBS=''
PATH_SEPARATOR=':'
PCLCMYKDevice=''
PCLColorDevice=''
PCLDelegate=''
PCLMonoDevice=''
PCLVersion=''
PERL=''
PERLMAINCC=''
PERL_MAKE_OPTIONS=''
PERL_SUPPORTS_DESTDIR=''
PERL_VERSION=''
PERSISTINCLUDE_DIR=''
PKG_CONFIG=''
PKG_CONFIG_LIBDIR=''
PKG_CONFIG_PATH=''
PNG_CFLAGS=''
PNG_DELEGATE_FALSE=''
PNG_DELEGATE_TRUE=''
PNG_LIBS=''
POW_LIB=''
PREFIX_DIR=''
PRTDIAG=''
PSDelegate=''
PTHREAD_CC=''
PTHREAD_CFLAGS=''
PTHREAD_LIBS=''
PrintDelegate=''
QUANTUM_DEPTH=''
RANLIB=''
RAQM_CFLAGS=''
RAQM_DELEGATE_FALSE=''
RAQM_DELEGATE_TRUE=''
RAQM_LIBS=''
RAW_R_CFLAGS=''
RAW_R_DELEGATE_FALSE=''
RAW_R_DELEGATE_TRUE=''
RAW_R_LIBS=''
RMDelegate=''
RPM=''
RPM_DELEGATE_FALSE=''
RPM_DELEGATE_TRUE=''
RSVGDecodeDelegate=''
RSVG_CFLAGS=''
RSVG_DELEGATE_FALSE=''
RSVG_DELEGATE_TRUE=''
RSVG_LIBS=''
SBIN_DIR=''
SED=''
SET_MAKE=''
SHAREARCH_BASEDIRNAME=''
SHAREARCH_DIR=''
SHAREARCH_DIRNAME=''
SHAREARCH_PATH=''
SHAREARCH_RELATIVE_PATH=''
SHAREDSTATE_DIR=''
SHARE_PATH=''
SHELL='/bin/bash'
STRIP=''
SVGDecodeDelegate=''
SYSCONF_DIR=''
ShowImageDelegate=''
TAR=''
TCMALLOC_LIBS=''
THREAD_LIBS=''
TIFF_DELEGATE_FALSE=''
TIFF_DELEGATE_TRUE=''
TIFF_LIBS=''
TraceEncodeDelegate=''
UMEM_LIBS=''
USING_CL_FALSE=''
USING_CL_TRUE=''
VERSION=''
WEBPMUX_CFLAGS=''
WEBPMUX_DELEGATE_FALSE=''
WEBPMUX_DELEGATE_TRUE=''
WEBPMUX_LIBS=''
WEBP_CFLAGS=''
WEBP_DELEGATE_FALSE=''
WEBP_DELEGATE_TRUE=''
WEBP_LIBS=''
WIN32_NATIVE_BUILD_FALSE=''
WIN32_NATIVE_BUILD_TRUE=''
WINGDI32_DELEGATE_FALSE=''
WINGDI32_DELEGATE_TRUE=''
WITH_LTDL_FALSE=''
WITH_LTDL_TRUE=''
WITH_MAGICK_PLUS_PLUS_FALSE=''
WITH_MAGICK_PLUS_PLUS_TRUE=''
WITH_MODULES_FALSE=''
WITH_MODULES_TRUE=''
WITH_PERL_DYNAMIC_FALSE=''
WITH_PERL_DYNAMIC_TRUE=''
WITH_PERL_FALSE=''
WITH_PERL_STATIC_FALSE=''
WITH_PERL_STATIC_TRUE=''
WITH_PERL_TRUE=''
WITH_SHARED_LIBS_FALSE=''
WITH_SHARED_LIBS_TRUE=''
WITH_UTILITIES_FALSE=''
WITH_UTILITIES_TRUE=''
WMF_CFLAGS=''
WMF_DELEGATE_FALSE=''
WMF_DELEGATE_TRUE=''
WMF_LIBS=''
WS2_32_LIBS=''
WWWDecodeDelegate=''
WebPDecodeDelegate=''
WebPEncodeDelegate=''
WinPathScript=''
X11_DELEGATE_FALSE=''
X11_DELEGATE_TRUE=''
X11_LIBS=''
XEXT_LIBS=''
XMKMF=''
XML_CFLAGS=''
XML_DELEGATE_FALSE=''
XML_DELEGATE_TRUE=''
XML_LIBS=''
XPSCMYKDevice=''
XPSColorDevice=''
XPSDelegate=''
XPSMonoDevice=''
XPSVersion=''
X_CFLAGS=''
X_EXTRA_LIBS=''
X_LIBS=''
X_PRE_LIBS=''
ZIP=''
ZIPLIB_CFLAGS=''
ZIPLIB_DELEGATE_FALSE=''
ZIPLIB_DELEGATE_TRUE=''
ZIPLIB_LIBS=''
ZIP_DELEGATE_FALSE=''
ZIP_DELEGATE_TRUE=''
ZLIB_CFLAGS=''
ZLIB_DELEGATE_FALSE=''
ZLIB_DELEGATE_TRUE=''
ZLIB_LIBS=''
ZSTD_CFLAGS=''
ZSTD_DELEGATE_FALSE=''
ZSTD_DELEGATE_TRUE=''
ZSTD_LIBS=''
ac_ct_AR=''
ac_ct_CC=''
ac_ct_CXX=''
ac_ct_DUMPBIN=''
am__EXEEXT_FALSE=''
am__EXEEXT_TRUE=''
am__fastdepCC_FALSE=''
am__fastdepCC_TRUE=''
am__fastdepCXX_FALSE=''
am__fastdepCXX_TRUE=''
am__include=''
am__isrc=' -I$(srcdir)'
am__leading_dot='.'
am__nodep=''
am__quote=''
am__tar=''
am__untar=''
apple_font_dir=''
ax_pthread_config=''
bindir='${exec_prefix}/bin'
build='x86_64-pc-linux-gnu'
build_alias=''
build_cpu='x86_64'
build_os='linux-gnu'
build_vendor='pc'
datadir='${datarootdir}'
datarootdir='${prefix}/share'
ddjvuapi_CFLAGS=''
ddjvuapi_LIBS=''
dejavu_font_dir=''
docdir='${datarootdir}/doc/${PACKAGE_TARNAME}'
dvidir='${docdir}'
exec_prefix='NONE'
fftw3_CFLAGS=''
fftw3_LIBS=''
ghostscript_font_dir=''
host='x86_64-pc-linux-gnu'
host_alias=''
host_cpu='x86_64'
host_os='linux-gnu'
host_vendor='pc'
htmldir='${docdir}'
includedir='${prefix}/include'
infodir='${datarootdir}/info'
install_sh='${SHELL} /home/matthew/ASEULA_LinuxShare/ASEULA_Docker/ImageMagick-7/config/install-sh'
libdir='${exec_prefix}/lib'
libexecdir='${exec_prefix}/libexec'
localedir='${datarootdir}/locale'
localstatedir='${prefix}/var'
mandir='${datarootdir}/man'
mkdir_p=''
oldincludedir='/usr/include'
pdfdir='${docdir}'
pkgconfigdir=''
prefix='NONE'
program_transform_name='s,x,x,'
psdir='${docdir}'
sbindir='${exec_prefix}/sbin'
sharedstatedir='${prefix}/com'
sysconfdir='${prefix}/etc'
target='x86_64-pc-linux-gnu'
target_alias=''
target_cpu='x86_64'
target_os='linux-gnu'
target_vendor='pc'
type_include_files=''
urw_base35_font_dir=''
windows_font_dir=''

## ----------- ##
## confdefs.h. ##
## ----------- ##

/* confdefs.h */
#define PACKAGE_NAME "ImageMagick"
#define PACKAGE_TARNAME "ImageMagick"
#define PACKAGE_VERSION "7.0.10-31"
#define PACKAGE_STRING "ImageMagick 7.0.10-31"
#define PACKAGE_BUGREPORT "https://github.com/ImageMagick/ImageMagick/issues"
#define PACKAGE_URL "https://imagemagick.org"

configure: exit 1
